<?xml version="1.0" encoding="UTF-8" ?>
<testsuite failures="0" time="0.046" errors="0" skipped="0" tests="10" name="org.valgrind.forhudson.util.ValgrindVersionTest">
  <properties>
    <property name="java.runtime.name" value="Java(TM) SE Runtime Environment"/>
    <property name="sun.boot.library.path" value="/System/Library/Java/JavaVirtualMachines/1.6.0.jdk/Contents/Libraries"/>
    <property name="java.vm.version" value="20.65-b04-462"/>
    <property name="awt.nativeDoubleBuffering" value="true"/>
    <property name="gopherProxySet" value="false"/>
    <property name="mrj.build" value="11M4609"/>
    <property name="java.vm.vendor" value="Apple Inc."/>
    <property name="java.vendor.url" value="http://www.apple.com/"/>
    <property name="path.separator" value=":"/>
    <property name="java.vm.name" value="Java HotSpot(TM) 64-Bit Server VM"/>
    <property name="file.encoding.pkg" value="sun.io"/>
    <property name="user.country" value="US"/>
    <property name="sun.java.launcher" value="SUN_STANDARD"/>
    <property name="sun.os.patch.level" value="unknown"/>
    <property name="java.vm.specification.name" value="Java Virtual Machine Specification"/>
    <property name="user.dir" value="/Users/Rahul/Desktop/chal/halgrind"/>
    <property name="java.runtime.version" value="1.6.0_65-b14-462-11M4609"/>
    <property name="java.awt.graphicsenv" value="apple.awt.CGraphicsEnvironment"/>
    <property name="basedir" value="/Users/Rahul/Desktop/chal/halgrind"/>
    <property name="java.endorsed.dirs" value="/System/Library/Java/JavaVirtualMachines/1.6.0.jdk/Contents/Home/lib/endorsed"/>
    <property name="os.arch" value="x86_64"/>
    <property name="hudson.udp" value="33849"/>
    <property name="java.io.tmpdir" value="/Users/Rahul/Desktop/chal/halgrind/target"/>
    <property name="line.separator" value="
"/>
    <property name="java.vm.specification.vendor" value="Sun Microsystems Inc."/>
    <property name="os.name" value="Mac OS X"/>
    <property name="sun.jnu.encoding" value="MacRoman"/>
    <property name="java.library.path" value=".:/Library/Java/Extensions:/System/Library/Java/Extensions:/usr/lib/java"/>
    <property name="surefire.test.class.path" value="/Users/Rahul/Desktop/chal/halgrind/target/test-classes:/Users/Rahul/Desktop/chal/halgrind/target/classes:/Users/Rahul/.m2/repository/jfree/jfreechart/1.0.13/jfreechart-1.0.13.jar:/Users/Rahul/.m2/repository/jfree/jcommon/1.0.16/jcommon-1.0.16.jar:/Users/Rahul/.m2/repository/org/eclipse/hudson/hudson-utils/3.2.0-M1/hudson-utils-3.2.0-M1.jar:/Users/Rahul/.m2/repository/org/slf4j/slf4j-api/1.6.1/slf4j-api-1.6.1.jar:/Users/Rahul/.m2/repository/org/apache/commons/commons-lang3/3.0.1/commons-lang3-3.0.1.jar:/Users/Rahul/.m2/repository/com/google/guava/guava/14.0.1/guava-14.0.1.jar:/Users/Rahul/.m2/repository/org/sonatype/gossip/gossip-support/1.7/gossip-support-1.7.jar:/Users/Rahul/.m2/repository/org/sonatype/gossip/gossip-bootstrap/1.7/gossip-bootstrap-1.7.jar:/Users/Rahul/.m2/repository/org/hudsonci/tools/xstream/1.4.1-hudson-2/xstream-1.4.1-hudson-2.jar:/Users/Rahul/.m2/repository/xpp3/xpp3_min/1.1.4c/xpp3_min-1.1.4c.jar:/Users/Rahul/.m2/repository/junit/junit/4.8.2/junit-4.8.2.jar:/Users/Rahul/.m2/repository/org/jvnet/hudson/main/hudson-core/2.2.1/hudson-core-2.2.1.jar:/Users/Rahul/.m2/repository/org/jvnet/hudson/main/hudson-remoting/2.2.1/hudson-remoting-2.2.1.jar:/Users/Rahul/.m2/repository/org/jvnet/hudson/main/hudson-cli/2.2.1/hudson-cli-2.2.1.jar:/Users/Rahul/.m2/repository/org/jvnet/hudson/crypto-util/1.0/crypto-util-1.0.jar:/Users/Rahul/.m2/repository/net/sf/jtidy/jtidy/r938/jtidy-r938.jar:/Users/Rahul/.m2/repository/org/jruby/ext/posix/jna-posix/1.0.3/jna-posix-1.0.3.jar:/Users/Rahul/.m2/repository/org/kohsuke/trilead-putty-extension/1.0/trilead-putty-extension-1.0.jar:/Users/Rahul/.m2/repository/org/jvnet/hudson/trilead-ssh2/build212-hudson-1/trilead-ssh2-build212-hudson-1.jar:/Users/Rahul/.m2/repository/org/hudsonci/stapler/stapler-jelly/3.0.1/stapler-jelly-3.0.1.jar:/Users/Rahul/.m2/repository/org/hudsonci/stapler/stapler-core/3.0.1/stapler-core-3.0.1.jar:/Users/Rahul/.m2/repository/commons-discovery/commons-discovery/0.4/commons-discovery-0.4.jar:/Users/Rahul/.m2/repository/org/jvnet/tiger-types/1.3/tiger-types-1.3.jar:/Users/Rahul/.m2/repository/commons-fileupload/commons-fileupload/1.2.1/commons-fileupload-1.2.1.jar:/Users/Rahul/.m2/repository/org/jvnet/hudson/commons-jelly/1.1-hudson-20100305/commons-jelly-1.1-hudson-20100305.jar:/Users/Rahul/.m2/repository/org/jvnet/hudson/dom4j/dom4j/1.6.1-hudson-3/dom4j-1.6.1-hudson-3.jar:/Users/Rahul/.m2/repository/com/infradna/tool/bridge-method-annotation/1.4/bridge-method-annotation-1.4.jar:/Users/Rahul/.m2/repository/net/sf/json-lib/json-lib/2.4/json-lib-2.4-jdk15.jar:/Users/Rahul/.m2/repository/net/sf/ezmorph/ezmorph/1.0.6/ezmorph-1.0.6.jar:/Users/Rahul/.m2/repository/args4j/args4j/2.0.16/args4j-2.0.16.jar:/Users/Rahul/.m2/repository/org/jvnet/hudson/annotation-indexer/1.2/annotation-indexer-1.2.jar:/Users/Rahul/.m2/repository/org/jvnet/hudson/task-reactor/1.2/task-reactor-1.2.jar:/Users/Rahul/.m2/repository/org/jvnet/localizer/localizer/1.10/localizer-1.10.jar:/Users/Rahul/.m2/repository/org/kohsuke/graph-layouter/1.0/graph-layouter-1.0.jar:/Users/Rahul/.m2/repository/antlr/antlr/2.7.6/antlr-2.7.6.jar:/Users/Rahul/.m2/repository/org/apache/ant/ant/1.8.2/ant-1.8.2.jar:/Users/Rahul/.m2/repository/org/apache/ant/ant-launcher/1.8.2/ant-launcher-1.8.2.jar:/Users/Rahul/.m2/repository/commons-io/commons-io/2.0.1/commons-io-2.0.1.jar:/Users/Rahul/.m2/repository/commons-lang/commons-lang/2.5/commons-lang-2.5.jar:/Users/Rahul/.m2/repository/commons-digester/commons-digester/1.7/commons-digester-1.7.jar:/Users/Rahul/.m2/repository/xml-apis/xml-apis/1.0.b2/xml-apis-1.0.b2.jar:/Users/Rahul/.m2/repository/org/apache/commons/commons-digester3/3.0/commons-digester3-3.0.jar:/Users/Rahul/.m2/repository/commons-beanutils/commons-beanutils/1.8.0/commons-beanutils-1.8.0.jar:/Users/Rahul/.m2/repository/javax/mail/mail/1.4/mail-1.4.jar:/Users/Rahul/.m2/repository/org/jvnet/hudson/activation/1.1.1-hudson-1/activation-1.1.1-hudson-1.jar:/Users/Rahul/.m2/repository/jaxen/jaxen/1.1-beta-11/jaxen-1.1-beta-11.jar:/Users/Rahul/.m2/repository/commons-jelly/commons-jelly-tags-fmt/1.0/commons-jelly-tags-fmt-1.0.jar:/Users/Rahul/.m2/repository/commons-jelly/commons-jelly-tags-xml/1.1/commons-jelly-tags-xml-1.1.jar:/Users/Rahul/.m2/repository/org/jvnet/hudson/commons-jelly-tags-define/1.0.1-hudson-20071021/commons-jelly-tags-define-1.0.1-hudson-20071021.jar:/Users/Rahul/.m2/repository/org/apache/commons/commons-jexl/2.0.1/commons-jexl-2.0.1.jar:/Users/Rahul/.m2/repository/org/acegisecurity/acegi-security/1.0.5/acegi-security-1.0.5.jar:/Users/Rahul/.m2/repository/oro/oro/2.0.8/oro-2.0.8.jar:/Users/Rahul/.m2/repository/org/codehaus/groovy/groovy-all/1.8.1/groovy-all-1.8.1.jar:/Users/Rahul/.m2/repository/org/springframework/spring-web/2.5/spring-web-2.5.jar:/Users/Rahul/.m2/repository/org/springframework/spring-beans/2.5/spring-beans-2.5.jar:/Users/Rahul/.m2/repository/org/springframework/spring-context/2.5/spring-context-2.5.jar:/Users/Rahul/.m2/repository/org/springframework/spring-core/2.5/spring-core-2.5.jar:/Users/Rahul/.m2/repository/org/springframework/spring-aop/2.5/spring-aop-2.5.jar:/Users/Rahul/.m2/repository/aopalliance/aopalliance/1.0/aopalliance-1.0.jar:/Users/Rahul/.m2/repository/org/springframework/spring-dao/2.0.8/spring-dao-2.0.8.jar:/Users/Rahul/.m2/repository/org/springframework/spring-jdbc/2.5/spring-jdbc-2.5.jar:/Users/Rahul/.m2/repository/org/springframework/spring-tx/2.5/spring-tx-2.5.jar:/Users/Rahul/.m2/repository/xpp3/xpp3/1.1.4c/xpp3-1.1.4c.jar:/Users/Rahul/.m2/repository/javax/servlet/jstl/1.1.0/jstl-1.1.0.jar:/Users/Rahul/.m2/repository/commons-logging/commons-logging/1.1.1/commons-logging-1.1.1.jar:/Users/Rahul/.m2/repository/log4j/log4j/1.2.12/log4j-1.2.12.jar:/Users/Rahul/.m2/repository/logkit/logkit/2.0/logkit-2.0.jar:/Users/Rahul/.m2/repository/avalon-framework/avalon-framework/4.1.3/avalon-framework-4.1.3.jar:/Users/Rahul/.m2/repository/com/sun/xml/txw2/txw2/20070624/txw2-20070624.jar:/Users/Rahul/.m2/repository/commons-collections/commons-collections/3.2/commons-collections-3.2.jar:/Users/Rahul/.m2/repository/org/jvnet/winp/winp/1.14/winp-1.14.jar:/Users/Rahul/.m2/repository/org/jvnet/hudson/memory-monitor/1.3/memory-monitor-1.3.jar:/Users/Rahul/.m2/repository/com/octo/captcha/jcaptcha-all/1.0-RC6/jcaptcha-all-1.0-RC6.jar:/Users/Rahul/.m2/repository/commons-pool/commons-pool/1.3/commons-pool-1.3.jar:/Users/Rahul/.m2/repository/org/codehaus/woodstox/wstx-asl/3.2.7/wstx-asl-3.2.7.jar:/Users/Rahul/.m2/repository/stax/stax-api/1.0.1/stax-api-1.0.1.jar:/Users/Rahul/.m2/repository/javax/jmdns/jmdns/3.4.0/jmdns-3.4.0.jar:/Users/Rahul/.m2/repository/net/java/dev/jna/jna/3.3.0/jna-3.3.0.jar:/Users/Rahul/.m2/repository/org/kohsuke/akuma/1.6/akuma-1.6.jar:/Users/Rahul/.m2/repository/org/jvnet/libpam4j/libpam4j/1.4/libpam4j-1.4.jar:/Users/Rahul/.m2/repository/org/jvnet/libzfs/libzfs/0.5/libzfs-0.5.jar:/Users/Rahul/.m2/repository/com/sun/solaris/embedded_su4j/1.1/embedded_su4j-1.1.jar:/Users/Rahul/.m2/repository/net/java/sezpoz/sezpoz/1.9/sezpoz-1.9.jar:/Users/Rahul/.m2/repository/org/jvnet/hudson/jinterop-wmi/1.0/jinterop-wmi-1.0.jar:/Users/Rahul/.m2/repository/org/kohsuke/jinterop/jinterop-proxy/1.1/jinterop-proxy-1.1.jar:/Users/Rahul/.m2/repository/org/kohsuke/jinterop/j-interop/2.0.5/j-interop-2.0.5.jar:/Users/Rahul/.m2/repository/org/kohsuke/jinterop/j-interopdeps/2.0.5/j-interopdeps-2.0.5.jar:/Users/Rahul/.m2/repository/org/jvnet/hudson/windows-remote-command/1.0/windows-remote-command-1.0.jar:/Users/Rahul/.m2/repository/org/samba/jcifs/jcifs/1.3.14-kohsuke-1/jcifs-1.3.14-kohsuke-1.jar:/Users/Rahul/.m2/repository/commons-codec/commons-codec/1.4/commons-codec-1.4.jar:/Users/Rahul/.m2/repository/asm/asm-commons/2.2.3/asm-commons-2.2.3.jar:/Users/Rahul/.m2/repository/asm/asm-tree/2.2.3/asm-tree-2.2.3.jar:/Users/Rahul/.m2/repository/asm/asm/2.2.3/asm-2.2.3.jar:/Users/Rahul/.m2/repository/org/kohsuke/access-modifier-annotation/1.0/access-modifier-annotation-1.0.jar:/Users/Rahul/.m2/repository/jline/jline/0.9.94/jline-0.9.94.jar:/Users/Rahul/.m2/repository/de/java2html/java2html/5.0/java2html-5.0.jar:/Users/Rahul/.m2/repository/org/easymock/easymock/3.2/easymock-3.2.jar:/Users/Rahul/.m2/repository/cglib/cglib-nodep/2.2.2/cglib-nodep-2.2.2.jar:/Users/Rahul/.m2/repository/org/objenesis/objenesis/1.3/objenesis-1.3.jar:/Users/Rahul/.m2/repository/org/eclipse/hudson/hudson-core/3.1.2/hudson-core-3.1.2.jar:/Users/Rahul/.m2/repository/org/eclipse/hudson/hudson-remoting/3.0.2/hudson-remoting-3.0.2.jar:/Users/Rahul/.m2/repository/org/eclipse/hudson/hudson-cli/3.1.2/hudson-cli-3.1.2.jar:/Users/Rahul/.m2/repository/xerces/xercesImpl/2.8.1/xercesImpl-2.8.1.jar:/Users/Rahul/.m2/repository/org/hudsonci/stapler/commons-jelly/1.1-hudson-20120704/commons-jelly-1.1-hudson-20120704.jar:/Users/Rahul/.m2/repository/org/jvnet/hudson/commons-jexl/1.1-hudson-20090508/commons-jexl-1.1-hudson-20090508.jar:/Users/Rahul/.m2/repository/org/hudsonci/xpath/xpath-service/1.0.2/xpath-service-1.0.2.jar:/Users/Rahul/.m2/repository/org/hudsonci/stapler/commons-jelly-tags-xml/1.1-hudson-20120704/commons-jelly-tags-xml-1.1-hudson-20120704.jar:/Users/Rahul/.m2/repository/org/springframework/security/spring-security-core/2.0.7.RELEASE/spring-security-core-2.0.7.RELEASE.jar:/Users/Rahul/.m2/repository/org/springframework/spring-support/2.0.8/spring-support-2.0.8.jar:/Users/Rahul/.m2/repository/org/springframework/security/spring-security-acl/2.0.7.RELEASE/spring-security-acl-2.0.7.RELEASE.jar:/Users/Rahul/.m2/repository/org/springframework/ldap/spring-ldap/1.3.1.RELEASE/spring-ldap-1.3.1.RELEASE-all.jar:/Users/Rahul/.m2/repository/xmlpull/xmlpull/1.1.3.4d_b4_min/xmlpull-1.1.3.4d_b4_min.jar:/Users/Rahul/.m2/repository/asm/asm-all/2.2.3/asm-all-2.2.3.jar:/Users/Rahul/.m2/repository/jtidy/jtidy/4aug2000r7-dev/jtidy-4aug2000r7-dev.jar:/Users/Rahul/.m2/repository/org/antlr/antlr-runtime/3.4/antlr-runtime-3.4.jar:/Users/Rahul/.m2/repository/org/antlr/stringtemplate/3.2.1/stringtemplate-3.2.1.jar:/Users/Rahul/.m2/repository/org/eclipse/hudson/stapler/stapler-jelly/3.0.0/stapler-jelly-3.0.0.jar:/Users/Rahul/.m2/repository/org/eclipse/hudson/stapler/stapler-core/3.0.0/stapler-core-3.0.0.jar:/Users/Rahul/.m2/repository/com/sun/xml/bind/jaxb-impl/2.2.5/jaxb-impl-2.2.5.jar:/Users/Rahul/.m2/repository/xalan/xalan/2.7.1/xalan-2.7.1.jar:/Users/Rahul/.m2/repository/xalan/serializer/2.7.1/serializer-2.7.1.jar:/Users/Rahul/.m2/repository/com/googlecode/owasp-java-html-sanitizer/owasp-java-html-sanitizer/r173/owasp-java-html-sanitizer-r173.jar:/Users/Rahul/.m2/repository/org/eclipse/hudson/hudson-test-framework/3.1.2/hudson-test-framework-3.1.2.jar:/Users/Rahul/.m2/repository/org/eclipse/hudson/hudson-war/3.1.2/hudson-war-3.1.2-war-for-test.jar:/Users/Rahul/.m2/repository/org/eclipse/hudson/hudson-service/3.1.2/hudson-service-3.1.2.jar:/Users/Rahul/.m2/repository/org/eclipse/hudson/hudson-plugin-utils/3.1.2/hudson-plugin-utils-3.1.2.jar:/Users/Rahul/.m2/repository/org/slf4j/jcl-over-slf4j/1.6.1/jcl-over-slf4j-1.6.1.jar:/Users/Rahul/.m2/repository/org/slf4j/log4j-over-slf4j/1.6.1/log4j-over-slf4j-1.6.1.jar:/Users/Rahul/.m2/repository/org/mortbay/jetty/jetty/6.1.26/jetty-6.1.26.jar:/Users/Rahul/.m2/repository/org/mortbay/jetty/jetty-util/6.1.26/jetty-util-6.1.26.jar:/Users/Rahul/.m2/repository/org/mortbay/jetty/servlet-api/2.5-20081211/servlet-api-2.5-20081211.jar:/Users/Rahul/.m2/repository/org/jvnet/hudson/test-annotations/1.0/test-annotations-1.0.jar:/Users/Rahul/.m2/repository/org/hudsonci/tools/htmlunit/2.6-hudson-3/htmlunit-2.6-hudson-3.jar:/Users/Rahul/.m2/repository/commons-httpclient/commons-httpclient/3.1/commons-httpclient-3.1.jar:/Users/Rahul/.m2/repository/org/jvnet/hudson/htmlunit-core-js/2.6-hudson-1/htmlunit-core-js-2.6-hudson-1.jar:/Users/Rahul/.m2/repository/net/sourceforge/nekohtml/nekohtml/1.9.13/nekohtml-1.9.13.jar:/Users/Rahul/.m2/repository/net/sourceforge/cssparser/cssparser/0.9.5/cssparser-0.9.5.jar:/Users/Rahul/.m2/repository/org/w3c/css/sac/1.3/sac-1.3.jar:/Users/Rahul/.m2/repository/org/jvnet/hudson/embedded-rhino-debugger/1.2/embedded-rhino-debugger-1.2.jar:/Users/Rahul/.m2/repository/org/jvnet/hudson/netx/0.5-hudson-2/netx-0.5-hudson-2.jar:/Users/Rahul/.m2/repository/org/eclipse/hudson/hudson-inject/3.1.2/hudson-inject-3.1.2-tests.jar:/Users/Rahul/.m2/repository/org/sonatype/sisu/sisu-inject-bean/2.2.3/sisu-inject-bean-2.2.3.jar:/Users/Rahul/.m2/repository/org/sonatype/sisu/sisu-guice/3.0.3/sisu-guice-3.0.3-no_aop.jar:/Users/Rahul/.m2/repository/org/aspectj/aspectjrt/1.6.11/aspectjrt-1.6.11.jar:/Users/Rahul/.m2/repository/org/aspectj/aspectjweaver/1.6.11/aspectjweaver-1.6.11.jar:/Users/Rahul/.m2/repository/org/eclipse/hudson/hudson-inject/3.1.2/hudson-inject-3.1.2.jar:/Users/Rahul/.m2/repository/org/jvnet/hudson/hudson-maven-embedder/3.2/hudson-maven-embedder-3.2.jar:/Users/Rahul/.m2/repository/org/apache/maven/maven-core/3.0.1/maven-core-3.0.1.jar:/Users/Rahul/.m2/repository/org/apache/maven/maven-model/3.0.1/maven-model-3.0.1.jar:/Users/Rahul/.m2/repository/org/apache/maven/maven-settings/3.0.1/maven-settings-3.0.1.jar:/Users/Rahul/.m2/repository/org/apache/maven/maven-settings-builder/3.0.1/maven-settings-builder-3.0.1.jar:/Users/Rahul/.m2/repository/org/apache/maven/maven-repository-metadata/3.0.1/maven-repository-metadata-3.0.1.jar:/Users/Rahul/.m2/repository/org/apache/maven/maven-plugin-api/3.0.1/maven-plugin-api-3.0.1.jar:/Users/Rahul/.m2/repository/org/apache/maven/maven-model-builder/3.0.1/maven-model-builder-3.0.1.jar:/Users/Rahul/.m2/repository/org/sonatype/aether/aether-impl/1.8/aether-impl-1.8.jar:/Users/Rahul/.m2/repository/org/sonatype/aether/aether-api/1.8/aether-api-1.8.jar:/Users/Rahul/.m2/repository/org/sonatype/aether/aether-util/1.11/aether-util-1.11.jar:/Users/Rahul/.m2/repository/org/codehaus/plexus/plexus-interpolation/1.14/plexus-interpolation-1.14.jar:/Users/Rahul/.m2/repository/org/codehaus/plexus/plexus-utils/2.0.4/plexus-utils-2.0.4.jar:/Users/Rahul/.m2/repository/org/codehaus/plexus/plexus-classworlds/2.4/plexus-classworlds-2.4.jar:/Users/Rahul/.m2/repository/org/codehaus/plexus/plexus-component-annotations/1.5.5/plexus-component-annotations-1.5.5.jar:/Users/Rahul/.m2/repository/org/sonatype/plexus/plexus-sec-dispatcher/1.3/plexus-sec-dispatcher-1.3.jar:/Users/Rahul/.m2/repository/org/apache/maven/maven-artifact/3.0.1/maven-artifact-3.0.1.jar:/Users/Rahul/.m2/repository/org/apache/maven/maven-compat/3.0.1/maven-compat-3.0.1.jar:/Users/Rahul/.m2/repository/org/apache/maven/maven-embedder/3.0.1/maven-embedder-3.0.1.jar:/Users/Rahul/.m2/repository/org/sonatype/plexus/plexus-cipher/1.4/plexus-cipher-1.4.jar:/Users/Rahul/.m2/repository/org/apache/maven/maven-aether-provider/3.0.1/maven-aether-provider-3.0.1.jar:/Users/Rahul/.m2/repository/org/sonatype/aether/aether-spi/1.8/aether-spi-1.8.jar:/Users/Rahul/.m2/repository/org/sonatype/sisu/sisu-inject-plexus/1.4.3.1/sisu-inject-plexus-1.4.3.1.jar:/Users/Rahul/.m2/repository/org/sonatype/aether/aether-connector-wagon/1.8/aether-connector-wagon-1.8.jar:/Users/Rahul/.m2/repository/org/apache/maven/wagon/wagon-provider-api/1.0-beta-7/wagon-provider-api-1.0-beta-7.jar:/Users/Rahul/.m2/repository/org/apache/maven/wagon/wagon-file/1.0-beta-7/wagon-file-1.0-beta-7.jar:/Users/Rahul/.m2/repository/org/apache/maven/wagon/wagon-http-lightweight/1.0-beta-7/wagon-http-lightweight-1.0-beta-7.jar:/Users/Rahul/.m2/repository/org/apache/maven/wagon/wagon-http-shared/1.0-beta-7/wagon-http-shared-1.0-beta-7.jar:/Users/Rahul/.m2/repository/org/powermock/powermock-module-junit4/1.4.10/powermock-module-junit4-1.4.10.jar:/Users/Rahul/.m2/repository/org/powermock/powermock-module-junit4-common/1.4.10/powermock-module-junit4-common-1.4.10.jar:/Users/Rahul/.m2/repository/org/powermock/powermock-core/1.4.10/powermock-core-1.4.10.jar:/Users/Rahul/.m2/repository/org/javassist/javassist/3.15.0-GA/javassist-3.15.0-GA.jar:/Users/Rahul/.m2/repository/org/powermock/powermock-reflect/1.4.10/powermock-reflect-1.4.10.jar:/Users/Rahul/.m2/repository/org/powermock/powermock-api-easymock/1.4.10/powermock-api-easymock-1.4.10.jar:/Users/Rahul/.m2/repository/org/powermock/powermock-api-support/1.4.10/powermock-api-support-1.4.10.jar:/Users/Rahul/.m2/repository/org/mockito/mockito-core/1.8.5/mockito-core-1.8.5.jar:/Users/Rahul/.m2/repository/org/hamcrest/hamcrest-core/1.1/hamcrest-core-1.1.jar:/Users/Rahul/.m2/repository/javax/servlet/servlet-api/2.4/servlet-api-2.4.jar:"/>
    <property name="java.specification.name" value="Java Platform API Specification"/>
    <property name="java.class.version" value="50.0"/>
    <property name="sun.management.compiler" value="HotSpot 64-Bit Tiered Compilers"/>
    <property name="os.version" value="10.9.3"/>
    <property name="http.nonProxyHosts" value="local|*.local|169.254/16|*.169.254/16"/>
    <property name="user.home" value="/Users/Rahul"/>
    <property name="user.timezone" value=""/>
    <property name="java.awt.printerjob" value="apple.awt.CPrinterJob"/>
    <property name="java.specification.version" value="1.6"/>
    <property name="file.encoding" value="MacRoman"/>
    <property name="user.name" value="Rahul"/>
    <property name="java.class.path" value="/Users/Rahul/Desktop/chal/halgrind/target/surefire/surefirebooter1057542722366387713.jar"/>
    <property name="java.vm.specification.version" value="1.0"/>
    <property name="sun.arch.data.model" value="64"/>
    <property name="java.home" value="/System/Library/Java/JavaVirtualMachines/1.6.0.jdk/Contents/Home"/>
    <property name="sun.java.command" value="/Users/Rahul/Desktop/chal/halgrind/target/surefire/surefirebooter1057542722366387713.jar /Users/Rahul/Desktop/chal/halgrind/target/surefire/surefire1268458352129794556tmp /Users/Rahul/Desktop/chal/halgrind/target/surefire/surefire538100397595551016tmp"/>
    <property name="java.specification.vendor" value="Sun Microsystems Inc."/>
    <property name="user.language" value="en"/>
    <property name="awt.toolkit" value="apple.awt.CToolkit"/>
    <property name="java.vm.info" value="mixed mode"/>
    <property name="java.version" value="1.6.0_65"/>
    <property name="java.ext.dirs" value="/Library/Java/Extensions:/System/Library/Java/Extensions:/System/Library/Java/JavaVirtualMachines/1.6.0.jdk/Contents/Home/lib/ext"/>
    <property name="sun.boot.class.path" value="/System/Library/Java/JavaVirtualMachines/1.6.0.jdk/Contents/Classes/jsfd.jar:/System/Library/Java/JavaVirtualMachines/1.6.0.jdk/Contents/Classes/classes.jar:/System/Library/Frameworks/JavaVM.framework/Frameworks/JavaRuntimeSupport.framework/Resources/Java/JavaRuntimeSupport.jar:/System/Library/Java/JavaVirtualMachines/1.6.0.jdk/Contents/Classes/ui.jar:/System/Library/Java/JavaVirtualMachines/1.6.0.jdk/Contents/Classes/laf.jar:/System/Library/Java/JavaVirtualMachines/1.6.0.jdk/Contents/Classes/sunrsasign.jar:/System/Library/Java/JavaVirtualMachines/1.6.0.jdk/Contents/Classes/jsse.jar:/System/Library/Java/JavaVirtualMachines/1.6.0.jdk/Contents/Classes/jce.jar:/System/Library/Java/JavaVirtualMachines/1.6.0.jdk/Contents/Classes/charsets.jar"/>
    <property name="java.vendor" value="Apple Inc."/>
    <property name="localRepository" value="/Users/Rahul/.m2/repository"/>
    <property name="file.separator" value="/"/>
    <property name="java.vendor.url.bug" value="http://bugreport.apple.com/"/>
    <property name="sun.cpu.endian" value="little"/>
    <property name="sun.io.unicode.encoding" value="UnicodeLittle"/>
    <property name="mrj.version" value="1070.1.6.0_65-462"/>
    <property name="socksNonProxyHosts" value="local|*.local|169.254/16|*.169.254/16"/>
    <property name="ftp.nonProxyHosts" value="local|*.local|169.254/16|*.169.254/16"/>
    <property name="sun.cpu.isalist" value=""/>
  </properties>
  <testcase time="0.002" classname="org.valgrind.forhudson.util.ValgrindVersionTest" name="empty"/>
  <testcase time="0" classname="org.valgrind.forhudson.util.ValgrindVersionTest" name="version_only"/>
  <testcase time="0" classname="org.valgrind.forhudson.util.ValgrindVersionTest" name="name_and_version"/>
  <testcase time="0" classname="org.valgrind.forhudson.util.ValgrindVersionTest" name="name_and_version2"/>
  <testcase time="0" classname="org.valgrind.forhudson.util.ValgrindVersionTest" name="name_and_version3"/>
  <testcase time="0" classname="org.valgrind.forhudson.util.ValgrindVersionTest" name="name_and_version4"/>
  <testcase time="0" classname="org.valgrind.forhudson.util.ValgrindVersionTest" name="name_and_incomplete"/>
  <testcase time="0" classname="org.valgrind.forhudson.util.ValgrindVersionTest" name="incomplete_only"/>
  <testcase time="0" classname="org.valgrind.forhudson.util.ValgrindVersionTest" name="nullString"/>
  <testcase time="0" classname="org.valgrind.forhudson.util.ValgrindVersionTest" name="isGreaterOrEqual"/>
</testsuite>